{"meta": {"format": 3, "version": "7.13.5", "timestamp": "2026-04-02T18:49:14.705820", "branch_coverage": false, "show_contexts": false}, "files": {"course_management_system.py": {"executed_lines": [1, 2, 27, 124, 125, 126, 127, 134, 137, 142, 147, 148, 149, 150, 151, 152, 154, 157, 159, 160, 161, 164, 169, 170, 171, 174, 175, 178, 179, 181, 183, 184, 186, 189, 192, 196, 197, 199, 200, 201, 202, 204, 205, 206, 207, 208, 210, 213, 226, 227, 229, 230, 231, 232, 233, 234, 236, 238, 239, 240, 241, 242, 243, 245, 247, 249, 257, 258, 267, 268, 269, 279, 280, 282, 283, 284, 285, 286, 288, 289, 297, 298, 299, 308, 309, 311, 312, 313, 315, 316, 322, 323, 324, 331, 332, 334, 335, 336, 337, 338, 339, 340, 341, 342, 344, 348, 350, 352, 353, 365, 366, 367, 380, 381, 383, 384, 385, 387, 388, 394, 395, 396, 407, 410, 411, 412, 413, 414, 415, 421, 422, 424, 425, 426, 428, 429, 431, 449, 450, 452, 454, 456, 457, 463, 465, 477, 478, 480, 482, 487, 489, 501, 510, 512, 514, 516, 518, 522, 523, 524, 528, 529, 538, 539, 541, 562, 565, 568, 571, 572, 573, 575, 576, 577, 578, 579, 580, 582, 583, 584, 585, 588, 589, 590, 593, 595, 596, 597, 598, 601, 602, 604, 606, 608, 609, 610, 611, 614, 615, 616, 617, 619, 620, 621, 622, 625, 626, 627, 630, 635, 637, 641, 643, 644, 645, 647, 649, 652, 654, 657, 658, 661, 662, 665, 666, 669, 670, 675, 681, 682, 683, 686, 687, 689, 690, 691, 692, 693, 696, 698, 699, 700, 702, 705, 707, 751, 803, 843, 871, 872, 873, 875, 877, 880, 883, 884, 890, 900, 908, 924, 962, 1005, 1021, 1033, 1052, 1075, 1076, 1084, 1085, 1086, 1087, 1088, 1089, 1090, 1091, 1094, 1096, 1104, 1105, 1106, 1107, 1108, 1109, 1110, 1111, 1113, 1115, 1122, 1130, 1142, 1154, 1167, 1169, 1172, 1173, 1174, 1175, 1178, 1179, 1180, 1181, 1182, 1183, 1186, 1187, 1188, 1189, 1192, 1193, 1194, 1195, 1196, 1197, 1200, 1201, 1202, 1203, 1204, 1207, 1208, 1209, 1210, 1211, 1212, 1214, 1221, 1250, 1261, 1267, 1280, 1289, 1297, 1306, 1335, 1341, 1348, 1355, 1362, 1374, 1379, 1384, 1390, 1397, 1467], "summary": {"covered_lines": 344, "num_statements": 856, "percent_covered": 40.18691588785047, "percent_covered_display": "40", "missing_lines": 512, "excluded_lines": 0, "percent_statements_covered": 40.18691588785047, "percent_statements_covered_display": "40"}, "missing_lines": [139, 153, 172, 176, 180, 187, 209, 215, 216, 217, 218, 219, 251, 252, 253, 254, 255, 346, 423, 427, 432, 433, 434, 437, 438, 441, 442, 443, 444, 446, 447, 451, 453, 455, 466, 467, 470, 471, 472, 474, 475, 479, 481, 490, 491, 494, 495, 496, 498, 499, 511, 513, 515, 517, 519, 525, 526, 542, 543, 544, 547, 548, 550, 551, 552, 553, 555, 556, 563, 566, 569, 574, 586, 591, 599, 603, 605, 612, 623, 628, 631, 632, 633, 646, 648, 650, 653, 655, 659, 663, 667, 671, 684, 714, 715, 717, 718, 719, 720, 722, 723, 725, 726, 728, 729, 730, 731, 733, 734, 735, 736, 738, 742, 744, 745, 746, 747, 749, 756, 757, 758, 760, 762, 763, 766, 767, 768, 769, 772, 776, 778, 782, 783, 784, 785, 788, 790, 791, 792, 793, 794, 795, 796, 799, 801, 808, 809, 810, 812, 813, 814, 815, 816, 817, 819, 820, 821, 823, 824, 825, 827, 828, 829, 831, 832, 833, 835, 836, 837, 841, 848, 849, 850, 851, 853, 854, 855, 856, 858, 859, 860, 861, 862, 863, 865, 876, 878, 881, 891, 892, 893, 894, 895, 896, 897, 898, 901, 902, 903, 904, 905, 906, 909, 910, 911, 912, 913, 914, 915, 916, 917, 918, 925, 926, 927, 929, 930, 932, 933, 935, 936, 937, 938, 945, 946, 947, 948, 949, 950, 952, 953, 955, 956, 958, 960, 963, 964, 965, 967, 968, 970, 982, 983, 985, 986, 987, 988, 990, 992, 993, 994, 996, 997, 998, 999, 1001, 1003, 1006, 1007, 1008, 1009, 1010, 1011, 1012, 1017, 1018, 1019, 1022, 1023, 1024, 1025, 1026, 1027, 1028, 1029, 1030, 1031, 1034, 1035, 1036, 1037, 1038, 1039, 1040, 1044, 1045, 1046, 1047, 1048, 1049, 1050, 1053, 1054, 1055, 1056, 1057, 1058, 1060, 1069, 1097, 1098, 1099, 1100, 1101, 1102, 1112, 1114, 1116, 1123, 1124, 1125, 1126, 1127, 1128, 1131, 1132, 1133, 1134, 1135, 1136, 1137, 1143, 1144, 1145, 1146, 1147, 1148, 1155, 1156, 1157, 1158, 1159, 1160, 1222, 1223, 1224, 1225, 1226, 1227, 1228, 1229, 1230, 1231, 1232, 1233, 1234, 1235, 1236, 1237, 1238, 1239, 1240, 1241, 1242, 1243, 1244, 1245, 1246, 1247, 1251, 1252, 1253, 1254, 1255, 1256, 1257, 1258, 1262, 1263, 1264, 1268, 1269, 1270, 1271, 1272, 1273, 1274, 1275, 1276, 1277, 1281, 1282, 1283, 1284, 1286, 1290, 1291, 1292, 1293, 1294, 1298, 1299, 1300, 1301, 1303, 1307, 1308, 1309, 1310, 1311, 1312, 1313, 1314, 1316, 1317, 1318, 1319, 1320, 1321, 1322, 1324, 1332, 1336, 1337, 1338, 1342, 1343, 1344, 1345, 1349, 1350, 1351, 1352, 1356, 1357, 1358, 1359, 1363, 1364, 1365, 1366, 1367, 1368, 1369, 1370, 1371, 1375, 1376, 1380, 1381, 1385, 1386, 1387, 1391, 1392, 1393, 1394, 1398, 1399, 1400, 1402, 1403, 1404, 1405, 1406, 1407, 1408, 1409, 1410, 1411, 1412, 1413, 1414, 1415, 1416, 1417, 1418, 1419, 1420, 1421, 1422, 1423, 1424, 1425, 1426, 1427, 1428, 1429, 1430, 1431, 1432, 1433, 1434, 1435, 1436, 1437, 1438, 1439, 1440, 1441, 1442, 1443, 1444, 1445, 1446, 1447, 1448, 1449, 1450, 1451, 1452, 1453, 1454, 1455, 1456, 1457, 1458, 1460, 1468, 1469, 1470, 1471], "excluded_lines": [], "functions": {"normalize_text": {"executed_lines": [], "summary": {"covered_lines": 0, "num_statements": 1, "percent_covered": 0.0, "percent_covered_display": "0", "missing_lines": 1, "excluded_lines": 0, "percent_statements_covered": 0.0, "percent_statements_covered_display": "0"}, "missing_lines": [139], "excluded_lines": [], "start_line": 137}, "parse_time_string": {"executed_lines": [147, 148, 149, 150, 151, 152, 154], "summary": {"covered_lines": 7, "num_statements": 8, "percent_covered": 87.5, "percent_covered_display": "88", "missing_lines": 1, "excluded_lines": 0, "percent_statements_covered": 87.5, "percent_statements_covered_display": "88"}, "missing_lines": [153], "excluded_lines": [], "start_line": 142}, "minutes_to_time_string": {"executed_lines": [159, 160, 161], "summary": {"covered_lines": 3, "num_statements": 3, "percent_covered": 100.0, "percent_covered_display": "100", "missing_lines": 0, "excluded_lines": 0, "percent_statements_covered": 100.0, "percent_statements_covered_display": "100"}, "missing_lines": [], "excluded_lines": [], "start_line": 157}, "parse_meeting_time": {"executed_lines": [169, 170, 171, 174, 175, 178, 179, 181, 183, 184, 186, 189], "summary": {"covered_lines": 12, "num_statements": 16, "percent_covered": 75.0, "percent_covered_display": "75", "missing_lines": 4, "excluded_lines": 0, "percent_statements_covered": 75.0, "percent_statements_covered_display": "75"}, "missing_lines": [172, 176, 180, 187], "excluded_lines": [], "start_line": 164}, "meeting_times_conflict": {"executed_lines": [196, 197, 199, 200, 201, 202, 204, 205, 206, 207, 208, 210], "summary": {"covered_lines": 12, "num_statements": 13, "percent_covered": 92.3076923076923, "percent_covered_display": "92", "missing_lines": 1, "excluded_lines": 0, "percent_statements_covered": 92.3076923076923, "percent_statements_covered_display": "92"}, "missing_lines": [209], "excluded_lines": [], "start_line": 192}, "safe_int_input": {"executed_lines": [], "summary": {"covered_lines": 0, "num_statements": 5, "percent_covered": 0.0, "percent_covered_display": "0", "missing_lines": 5, "excluded_lines": 0, "percent_statements_covered": 0.0, "percent_statements_covered_display": "0"}, "missing_lines": [215, 216, 217, 218, 219], "excluded_lines": [], "start_line": 213}, "Student.current_credit_load": {"executed_lines": [238, 239, 240, 241, 242, 243], "summary": {"covered_lines": 6, "num_statements": 6, "percent_covered": 100.0, "percent_covered_display": "100", "missing_lines": 0, "excluded_lines": 0, "percent_statements_covered": 100.0, "percent_statements_covered_display": "100"}, "missing_lines": [], "excluded_lines": [], "start_line": 236}, "Student.has_completed": {"executed_lines": [247], "summary": {"covered_lines": 1, "num_statements": 1, "percent_covered": 100.0, "percent_covered_display": "100", "missing_lines": 0, "excluded_lines": 0, "percent_statements_covered": 100.0, "percent_statements_covered_display": "100"}, "missing_lines": [], "excluded_lines": [], "start_line": 245}, "Student.is_registered_in_semester": {"executed_lines": [], "summary": {"covered_lines": 0, "num_statements": 5, "percent_covered": 0.0, "percent_covered_display": "0", "missing_lines": 5, "excluded_lines": 0, "percent_statements_covered": 0.0, "percent_statements_covered_display": "0"}, "missing_lines": [251, 252, 253, 254, 255], "excluded_lines": [], "start_line": 249}, "Student.to_dict": {"executed_lines": [258], "summary": {"covered_lines": 1, "num_statements": 1, "percent_covered": 100.0, "percent_covered_display": "100", "missing_lines": 0, "excluded_lines": 0, "percent_statements_covered": 100.0, "percent_statements_covered_display": "100"}, "missing_lines": [], "excluded_lines": [], "start_line": 257}, "Student.from_dict": {"executed_lines": [269], "summary": {"covered_lines": 1, "num_statements": 1, "percent_covered": 100.0, "percent_covered_display": "100", "missing_lines": 0, "excluded_lines": 0, "percent_statements_covered": 100.0, "percent_statements_covered_display": "100"}, "missing_lines": [], "excluded_lines": [], "start_line": 268}, "Course.to_dict": {"executed_lines": [289], "summary": {"covered_lines": 1, "num_statements": 1, "percent_covered": 100.0, "percent_covered_display": "100", "missing_lines": 0, "excluded_lines": 0, "percent_statements_covered": 100.0, "percent_statements_covered_display": "100"}, "missing_lines": [], "excluded_lines": [], "start_line": 288}, "Course.from_dict": {"executed_lines": [299], "summary": {"covered_lines": 1, "num_statements": 1, "percent_covered": 100.0, "percent_covered_display": "100", "missing_lines": 0, "excluded_lines": 0, "percent_statements_covered": 100.0, "percent_statements_covered_display": "100"}, "missing_lines": [], "excluded_lines": [], "start_line": 298}, "Instructor.to_dict": {"executed_lines": [316], "summary": {"covered_lines": 1, "num_statements": 1, "percent_covered": 100.0, "percent_covered_display": "100", "missing_lines": 0, "excluded_lines": 0, "percent_statements_covered": 100.0, "percent_statements_covered_display": "100"}, "missing_lines": [], "excluded_lines": [], "start_line": 315}, "Instructor.from_dict": {"executed_lines": [324], "summary": {"covered_lines": 1, "num_statements": 1, "percent_covered": 100.0, "percent_covered_display": "100", "missing_lines": 0, "excluded_lines": 0, "percent_statements_covered": 100.0, "percent_statements_covered_display": "100"}, "missing_lines": [], "excluded_lines": [], "start_line": 323}, "Section.seats_available": {"executed_lines": [], "summary": {"covered_lines": 0, "num_statements": 1, "percent_covered": 0.0, "percent_covered_display": "0", "missing_lines": 1, "excluded_lines": 0, "percent_statements_covered": 0.0, "percent_statements_covered_display": "0"}, "missing_lines": [346], "excluded_lines": [], "start_line": 344}, "Section.is_full": {"executed_lines": [350], "summary": {"covered_lines": 1, "num_statements": 1, "percent_covered": 100.0, "percent_covered_display": "100", "missing_lines": 0, "excluded_lines": 0, "percent_statements_covered": 100.0, "percent_statements_covered_display": "100"}, "missing_lines": [], "excluded_lines": [], "start_line": 348}, "Section.to_dict": {"executed_lines": [353], "summary": {"covered_lines": 1, "num_statements": 1, "percent_covered": 100.0, "percent_covered_display": "100", "missing_lines": 0, "excluded_lines": 0, "percent_statements_covered": 100.0, "percent_statements_covered_display": "100"}, "missing_lines": [], "excluded_lines": [], "start_line": 352}, "Section.from_dict": {"executed_lines": [367], "summary": {"covered_lines": 1, "num_statements": 1, "percent_covered": 100.0, "percent_covered_display": "100", "missing_lines": 0, "excluded_lines": 0, "percent_statements_covered": 100.0, "percent_statements_covered_display": "100"}, "missing_lines": [], "excluded_lines": [], "start_line": 366}, "EnrollmentRecord.to_dict": {"executed_lines": [388], "summary": {"covered_lines": 1, "num_statements": 1, "percent_covered": 100.0, "percent_covered_display": "100", "missing_lines": 0, "excluded_lines": 0, "percent_statements_covered": 100.0, "percent_statements_covered_display": "100"}, "missing_lines": [], "excluded_lines": [], "start_line": 387}, "EnrollmentRecord.from_dict": {"executed_lines": [396], "summary": {"covered_lines": 1, "num_statements": 1, "percent_covered": 100.0, "percent_covered_display": "100", "missing_lines": 0, "excluded_lines": 0, "percent_statements_covered": 100.0, "percent_statements_covered_display": "100"}, "missing_lines": [], "excluded_lines": [], "start_line": 395}, "RegistrationSystem.__init__": {"executed_lines": [411, 412, 413, 414, 415], "summary": {"covered_lines": 5, "num_statements": 5, "percent_covered": 100.0, "percent_covered_display": "100", "missing_lines": 0, "excluded_lines": 0, "percent_statements_covered": 100.0, "percent_statements_covered_display": "100"}, "missing_lines": [], "excluded_lines": [], "start_line": 410}, "RegistrationSystem.add_student": {"executed_lines": [422, 424, 425, 426, 428, 429], "summary": {"covered_lines": 6, "num_statements": 8, "percent_covered": 75.0, "percent_covered_display": "75", "missing_lines": 2, "excluded_lines": 0, "percent_statements_covered": 75.0, "percent_statements_covered_display": "75"}, "missing_lines": [423, 427], "excluded_lines": [], "start_line": 421}, "RegistrationSystem.remove_student": {"executed_lines": [], "summary": {"covered_lines": 0, "num_statements": 11, "percent_covered": 0.0, "percent_covered_display": "0", "missing_lines": 11, "excluded_lines": 0, "percent_statements_covered": 0.0, "percent_statements_covered_display": "0"}, "missing_lines": [432, 433, 434, 437, 438, 441, 442, 443, 444, 446, 447], "excluded_lines": [], "start_line": 431}, "RegistrationSystem.add_course": {"executed_lines": [450, 452, 454, 456, 457, 463], "summary": {"covered_lines": 6, "num_statements": 9, "percent_covered": 66.66666666666667, "percent_covered_display": "67", "missing_lines": 3, "excluded_lines": 0, "percent_statements_covered": 66.66666666666667, "percent_statements_covered_display": "67"}, "missing_lines": [451, 453, 455], "excluded_lines": [], "start_line": 449}, "RegistrationSystem.remove_course": {"executed_lines": [], "summary": {"covered_lines": 0, "num_statements": 7, "percent_covered": 0.0, "percent_covered_display": "0", "missing_lines": 7, "excluded_lines": 0, "percent_statements_covered": 0.0, "percent_statements_covered_display": "0"}, "missing_lines": [466, 467, 470, 471, 472, 474, 475], "excluded_lines": [], "start_line": 465}, "RegistrationSystem.add_instructor": {"executed_lines": [478, 480, 482, 487], "summary": {"covered_lines": 4, "num_statements": 6, "percent_covered": 66.66666666666667, "percent_covered_display": "67", "missing_lines": 2, "excluded_lines": 0, "percent_statements_covered": 66.66666666666667, "percent_statements_covered_display": "67"}, "missing_lines": [479, 481], "excluded_lines": [], "start_line": 477}, "RegistrationSystem.remove_instructor": {"executed_lines": [], "summary": {"covered_lines": 0, "num_statements": 7, "percent_covered": 0.0, "percent_covered_display": "0", "missing_lines": 7, "excluded_lines": 0, "percent_statements_covered": 0.0, "percent_statements_covered_display": "0"}, "missing_lines": [490, 491, 494, 495, 496, 498, 499], "excluded_lines": [], "start_line": 489}, "RegistrationSystem.create_section": {"executed_lines": [510, 512, 514, 516, 518, 522, 523, 524, 528, 529, 538, 539], "summary": {"covered_lines": 12, "num_statements": 19, "percent_covered": 63.1578947368421, "percent_covered_display": "63", "missing_lines": 7, "excluded_lines": 0, "percent_statements_covered": 63.1578947368421, "percent_statements_covered_display": "63"}, "missing_lines": [511, 513, 515, 517, 519, 525, 526], "excluded_lines": [], "start_line": 501}, "RegistrationSystem.remove_section": {"executed_lines": [], "summary": {"covered_lines": 0, "num_statements": 11, "percent_covered": 0.0, "percent_covered_display": "0", "missing_lines": 11, "excluded_lines": 0, "percent_statements_covered": 0.0, "percent_statements_covered_display": "0"}, "missing_lines": [542, 543, 544, 547, 548, 550, 551, 552, 553, 555, 556], "excluded_lines": [], "start_line": 541}, "RegistrationSystem.student_exists": {"executed_lines": [], "summary": {"covered_lines": 0, "num_statements": 1, "percent_covered": 0.0, "percent_covered_display": "0", "missing_lines": 1, "excluded_lines": 0, "percent_statements_covered": 0.0, "percent_statements_covered_display": "0"}, "missing_lines": [563], "excluded_lines": [], "start_line": 562}, "RegistrationSystem.course_exists": {"executed_lines": [], "summary": {"covered_lines": 0, "num_statements": 1, "percent_covered": 0.0, "percent_covered_display": "0", "missing_lines": 1, "excluded_lines": 0, "percent_statements_covered": 0.0, "percent_statements_covered_display": "0"}, "missing_lines": [566], "excluded_lines": [], "start_line": 565}, "RegistrationSystem.section_exists": {"executed_lines": [], "summary": {"covered_lines": 0, "num_statements": 1, "percent_covered": 0.0, "percent_covered_display": "0", "missing_lines": 1, "excluded_lines": 0, "percent_statements_covered": 0.0, "percent_statements_covered_display": "0"}, "missing_lines": [569], "excluded_lines": [], "start_line": 568}, "RegistrationSystem.get_student_semester_sections": {"executed_lines": [572, 573, 575, 576, 577, 578, 579, 580], "summary": {"covered_lines": 8, "num_statements": 9, "percent_covered": 88.88888888888889, "percent_covered_display": "89", "missing_lines": 1, "excluded_lines": 0, "percent_statements_covered": 88.88888888888889, "percent_statements_covered_display": "89"}, "missing_lines": [574], "excluded_lines": [], "start_line": 571}, "RegistrationSystem.check_prerequisites": {"executed_lines": [583, 584, 585, 588, 589, 590, 593], "summary": {"covered_lines": 7, "num_statements": 9, "percent_covered": 77.77777777777777, "percent_covered_display": "78", "missing_lines": 2, "excluded_lines": 0, "percent_statements_covered": 77.77777777777777, "percent_statements_covered_display": "78"}, "missing_lines": [586, 591], "excluded_lines": [], "start_line": 582}, "RegistrationSystem.check_schedule_conflict": {"executed_lines": [596, 597, 598, 601, 602, 604, 606], "summary": {"covered_lines": 7, "num_statements": 10, "percent_covered": 70.0, "percent_covered_display": "70", "missing_lines": 3, "excluded_lines": 0, "percent_statements_covered": 70.0, "percent_statements_covered_display": "70"}, "missing_lines": [599, 603, 605], "excluded_lines": [], "start_line": 595}, "RegistrationSystem.check_credit_limit": {"executed_lines": [609, 610, 611, 614, 615, 616, 617], "summary": {"covered_lines": 7, "num_statements": 8, "percent_covered": 87.5, "percent_covered_display": "88", "missing_lines": 1, "excluded_lines": 0, "percent_statements_covered": 87.5, "percent_statements_covered_display": "88"}, "missing_lines": [612], "excluded_lines": [], "start_line": 608}, "RegistrationSystem.check_duplicate_course_in_semester": {"executed_lines": [620, 621, 622, 625, 626, 627, 630, 635], "summary": {"covered_lines": 8, "num_statements": 13, "percent_covered": 61.53846153846154, "percent_covered_display": "62", "missing_lines": 5, "excluded_lines": 0, "percent_statements_covered": 61.53846153846154, "percent_statements_covered_display": "62"}, "missing_lines": [623, 628, 631, 632, 633], "excluded_lines": [], "start_line": 619}, "RegistrationSystem.can_register": {"executed_lines": [641, 643, 644, 645, 647, 649, 652, 654, 657, 658, 661, 662, 665, 666, 669, 670, 675], "summary": {"covered_lines": 17, "num_statements": 26, "percent_covered": 65.38461538461539, "percent_covered_display": "65", "missing_lines": 9, "excluded_lines": 0, "percent_statements_covered": 65.38461538461539, "percent_statements_covered_display": "65"}, "missing_lines": [646, 648, 650, 653, 655, 659, 663, 667, 671], "excluded_lines": [], "start_line": 637}, "RegistrationSystem.register_student": {"executed_lines": [682, 683, 686, 687, 689, 690, 691, 692, 693, 696, 698, 699, 700, 702, 705], "summary": {"covered_lines": 15, "num_statements": 16, "percent_covered": 93.75, "percent_covered_display": "94", "missing_lines": 1, "excluded_lines": 0, "percent_statements_covered": 93.75, "percent_statements_covered_display": "94"}, "missing_lines": [684], "excluded_lines": [], "start_line": 681}, "RegistrationSystem.drop_student": {"executed_lines": [], "summary": {"covered_lines": 0, "num_statements": 25, "percent_covered": 0.0, "percent_covered_display": "0", "missing_lines": 25, "excluded_lines": 0, "percent_statements_covered": 0.0, "percent_statements_covered_display": "0"}, "missing_lines": [714, 715, 717, 718, 719, 720, 722, 723, 725, 726, 728, 729, 730, 731, 733, 734, 735, 736, 738, 742, 744, 745, 746, 747, 749], "excluded_lines": [], "start_line": 707}, "RegistrationSystem.promote_waitlist": {"executed_lines": [], "summary": {"covered_lines": 0, "num_statements": 27, "percent_covered": 0.0, "percent_covered_display": "0", "missing_lines": 27, "excluded_lines": 0, "percent_statements_covered": 0.0, "percent_statements_covered_display": "0"}, "missing_lines": [756, 757, 758, 760, 762, 763, 766, 767, 768, 769, 772, 776, 778, 782, 783, 784, 785, 788, 790, 791, 792, 793, 794, 795, 796, 799, 801], "excluded_lines": [], "start_line": 751}, "RegistrationSystem._can_promote_waitlisted_student": {"executed_lines": [], "summary": {"covered_lines": 0, "num_statements": 25, "percent_covered": 0.0, "percent_covered_display": "0", "missing_lines": 25, "excluded_lines": 0, "percent_statements_covered": 0.0, "percent_statements_covered_display": "0"}, "missing_lines": [808, 809, 810, 812, 813, 814, 815, 816, 817, 819, 820, 821, 823, 824, 825, 827, 828, 829, 831, 832, 833, 835, 836, 837, 841], "excluded_lines": [], "start_line": 803}, "RegistrationSystem.check_duplicate_course_in_semester_promotion": {"executed_lines": [], "summary": {"covered_lines": 0, "num_statements": 15, "percent_covered": 0.0, "percent_covered_display": "0", "missing_lines": 15, "excluded_lines": 0, "percent_statements_covered": 0.0, "percent_statements_covered_display": "0"}, "missing_lines": [848, 849, 850, 851, 853, 854, 855, 856, 858, 859, 860, 861, 862, 863, 865], "excluded_lines": [], "start_line": 843}, "RegistrationSystem.record_completed_course": {"executed_lines": [872, 873, 875, 877, 880, 883, 884], "summary": {"covered_lines": 7, "num_statements": 10, "percent_covered": 70.0, "percent_covered_display": "70", "missing_lines": 3, "excluded_lines": 0, "percent_statements_covered": 70.0, "percent_statements_covered_display": "70"}, "missing_lines": [876, 878, 881], "excluded_lines": [], "start_line": 871}, "RegistrationSystem.search_courses": {"executed_lines": [], "summary": {"covered_lines": 0, "num_statements": 8, "percent_covered": 0.0, "percent_covered_display": "0", "missing_lines": 8, "excluded_lines": 0, "percent_statements_covered": 0.0, "percent_statements_covered_display": "0"}, "missing_lines": [891, 892, 893, 894, 895, 896, 897, 898], "excluded_lines": [], "start_line": 890}, "RegistrationSystem.list_sections_for_course": {"executed_lines": [], "summary": {"covered_lines": 0, "num_statements": 6, "percent_covered": 0.0, "percent_covered_display": "0", "missing_lines": 6, "excluded_lines": 0, "percent_statements_covered": 0.0, "percent_statements_covered_display": "0"}, "missing_lines": [901, 902, 903, 904, 905, 906], "excluded_lines": [], "start_line": 900}, "RegistrationSystem.list_student_schedule": {"executed_lines": [], "summary": {"covered_lines": 0, "num_statements": 10, "percent_covered": 0.0, "percent_covered_display": "0", "missing_lines": 10, "excluded_lines": 0, "percent_statements_covered": 0.0, "percent_statements_covered_display": "0"}, "missing_lines": [909, 910, 911, 912, 913, 914, 915, 916, 917, 918], "excluded_lines": [], "start_line": 908}, "RegistrationSystem.report_student_schedule": {"executed_lines": [], "summary": {"covered_lines": 0, "num_statements": 23, "percent_covered": 0.0, "percent_covered_display": "0", "missing_lines": 23, "excluded_lines": 0, "percent_statements_covered": 0.0, "percent_statements_covered_display": "0"}, "missing_lines": [925, 926, 927, 929, 930, 932, 933, 935, 936, 937, 938, 945, 946, 947, 948, 949, 950, 952, 953, 955, 956, 958, 960], "excluded_lines": [], "start_line": 924}, "RegistrationSystem.report_course_roster": {"executed_lines": [], "summary": {"covered_lines": 0, "num_statements": 22, "percent_covered": 0.0, "percent_covered_display": "0", "missing_lines": 22, "excluded_lines": 0, "percent_statements_covered": 0.0, "percent_statements_covered_display": "0"}, "missing_lines": [963, 964, 965, 967, 968, 970, 982, 983, 985, 986, 987, 988, 990, 992, 993, 994, 996, 997, 998, 999, 1001, 1003], "excluded_lines": [], "start_line": 962}, "RegistrationSystem.report_open_sections": {"executed_lines": [], "summary": {"covered_lines": 0, "num_statements": 10, "percent_covered": 0.0, "percent_covered_display": "0", "missing_lines": 10, "excluded_lines": 0, "percent_statements_covered": 0.0, "percent_statements_covered_display": "0"}, "missing_lines": [1006, 1007, 1008, 1009, 1010, 1011, 1012, 1017, 1018, 1019], "excluded_lines": [], "start_line": 1005}, "RegistrationSystem.report_overloaded_students": {"executed_lines": [], "summary": {"covered_lines": 0, "num_statements": 10, "percent_covered": 0.0, "percent_covered_display": "0", "missing_lines": 10, "excluded_lines": 0, "percent_statements_covered": 0.0, "percent_statements_covered_display": "0"}, "missing_lines": [1022, 1023, 1024, 1025, 1026, 1027, 1028, 1029, 1030, 1031], "excluded_lines": [], "start_line": 1021}, "RegistrationSystem.report_waitlisted_students": {"executed_lines": [], "summary": {"covered_lines": 0, "num_statements": 14, "percent_covered": 0.0, "percent_covered_display": "0", "missing_lines": 14, "excluded_lines": 0, "percent_statements_covered": 0.0, "percent_statements_covered_display": "0"}, "missing_lines": [1034, 1035, 1036, 1037, 1038, 1039, 1040, 1044, 1045, 1046, 1047, 1048, 1049, 1050], "excluded_lines": [], "start_line": 1033}, "RegistrationSystem.report_system_summary": {"executed_lines": [], "summary": {"covered_lines": 0, "num_statements": 8, "percent_covered": 0.0, "percent_covered_display": "0", "missing_lines": 8, "excluded_lines": 0, "percent_statements_covered": 0.0, "percent_statements_covered_display": "0"}, "missing_lines": [1053, 1054, 1055, 1056, 1057, 1058, 1060, 1069], "excluded_lines": [], "start_line": 1052}, "RegistrationSystem.to_dict": {"executed_lines": [1076], "summary": {"covered_lines": 1, "num_statements": 1, "percent_covered": 100.0, "percent_covered_display": "100", "missing_lines": 0, "excluded_lines": 0, "percent_statements_covered": 100.0, "percent_statements_covered_display": "100"}, "missing_lines": [], "excluded_lines": [], "start_line": 1075}, "RegistrationSystem.from_dict": {"executed_lines": [1086, 1087, 1088, 1089, 1090, 1091, 1094], "summary": {"covered_lines": 7, "num_statements": 7, "percent_covered": 100.0, "percent_covered_display": "100", "missing_lines": 0, "excluded_lines": 0, "percent_statements_covered": 100.0, "percent_statements_covered_display": "100"}, "missing_lines": [], "excluded_lines": [], "start_line": 1085}, "RegistrationSystem.save_to_file": {"executed_lines": [], "summary": {"covered_lines": 0, "num_statements": 6, "percent_covered": 0.0, "percent_covered_display": "0", "missing_lines": 6, "excluded_lines": 0, "percent_statements_covered": 0.0, "percent_statements_covered_display": "0"}, "missing_lines": [1097, 1098, 1099, 1100, 1101, 1102], "excluded_lines": [], "start_line": 1096}, "RegistrationSystem.load_from_file": {"executed_lines": [1106, 1107, 1108, 1109, 1110, 1111, 1113, 1115], "summary": {"covered_lines": 8, "num_statements": 11, "percent_covered": 72.72727272727273, "percent_covered_display": "73", "missing_lines": 3, "excluded_lines": 0, "percent_statements_covered": 72.72727272727273, "percent_statements_covered_display": "73"}, "missing_lines": [1112, 1114, 1116], "excluded_lines": [], "start_line": 1105}, "RegistrationSystem.print_all_students": {"executed_lines": [], "summary": {"covered_lines": 0, "num_statements": 6, "percent_covered": 0.0, "percent_covered_display": "0", "missing_lines": 6, "excluded_lines": 0, "percent_statements_covered": 0.0, "percent_statements_covered_display": "0"}, "missing_lines": [1123, 1124, 1125, 1126, 1127, 1128], "excluded_lines": [], "start_line": 1122}, "RegistrationSystem.print_all_courses": {"executed_lines": [], "summary": {"covered_lines": 0, "num_statements": 7, "percent_covered": 0.0, "percent_covered_display": "0", "missing_lines": 7, "excluded_lines": 0, "percent_statements_covered": 0.0, "percent_statements_covered_display": "0"}, "missing_lines": [1131, 1132, 1133, 1134, 1135, 1136, 1137], "excluded_lines": [], "start_line": 1130}, "RegistrationSystem.print_all_sections": {"executed_lines": [], "summary": {"covered_lines": 0, "num_statements": 6, "percent_covered": 0.0, "percent_covered_display": "0", "missing_lines": 6, "excluded_lines": 0, "percent_statements_covered": 0.0, "percent_statements_covered_display": "0"}, "missing_lines": [1143, 1144, 1145, 1146, 1147, 1148], "excluded_lines": [], "start_line": 1142}, "RegistrationSystem.print_all_instructors": {"executed_lines": [], "summary": {"covered_lines": 0, "num_statements": 6, "percent_covered": 0.0, "percent_covered_display": "0", "missing_lines": 6, "excluded_lines": 0, "percent_statements_covered": 0.0, "percent_statements_covered_display": "0"}, "missing_lines": [1155, 1156, 1157, 1158, 1159, 1160], "excluded_lines": [], "start_line": 1154}, "build_demo_system": {"executed_lines": [1169, 1172, 1173, 1174, 1175, 1178, 1179, 1180, 1181, 1182, 1183, 1186, 1187, 1188, 1189, 1192, 1193, 1194, 1195, 1196, 1197, 1200, 1201, 1202, 1203, 1204, 1207, 1208, 1209, 1210, 1211, 1212, 1214], "summary": {"covered_lines": 33, "num_statements": 33, "percent_covered": 100.0, "percent_covered_display": "100", "missing_lines": 0, "excluded_lines": 0, "percent_statements_covered": 100.0, "percent_statements_covered_display": "100"}, "missing_lines": [], "excluded_lines": [], "start_line": 1167}, "show_menu": {"executed_lines": [], "summary": {"covered_lines": 0, "num_statements": 26, "percent_covered": 0.0, "percent_covered_display": "0", "missing_lines": 26, "excluded_lines": 0, "percent_statements_covered": 0.0, "percent_statements_covered_display": "0"}, "missing_lines": [1222, 1223, 1224, 1225, 1226, 1227, 1228, 1229, 1230, 1231, 1232, 1233, 1234, 1235, 1236, 1237, 1238, 1239, 1240, 1241, 1242, 1243, 1244, 1245, 1246, 1247], "excluded_lines": [], "start_line": 1221}, "cli_add_student": {"executed_lines": [], "summary": {"covered_lines": 0, "num_statements": 8, "percent_covered": 0.0, "percent_covered_display": "0", "missing_lines": 8, "excluded_lines": 0, "percent_statements_covered": 0.0, "percent_statements_covered_display": "0"}, "missing_lines": [1251, 1252, 1253, 1254, 1255, 1256, 1257, 1258], "excluded_lines": [], "start_line": 1250}, "cli_remove_student": {"executed_lines": [], "summary": {"covered_lines": 0, "num_statements": 3, "percent_covered": 0.0, "percent_covered_display": "0", "missing_lines": 3, "excluded_lines": 0, "percent_statements_covered": 0.0, "percent_statements_covered_display": "0"}, "missing_lines": [1262, 1263, 1264], "excluded_lines": [], "start_line": 1261}, "cli_add_course": {"executed_lines": [], "summary": {"covered_lines": 0, "num_statements": 10, "percent_covered": 0.0, "percent_covered_display": "0", "missing_lines": 10, "excluded_lines": 0, "percent_statements_covered": 0.0, "percent_statements_covered_display": "0"}, "missing_lines": [1268, 1269, 1270, 1271, 1272, 1273, 1274, 1275, 1276, 1277], "excluded_lines": [], "start_line": 1267}, "cli_remove_course": {"executed_lines": [], "summary": {"covered_lines": 0, "num_statements": 5, "percent_covered": 0.0, "percent_covered_display": "0", "missing_lines": 5, "excluded_lines": 0, "percent_statements_covered": 0.0, "percent_statements_covered_display": "0"}, "missing_lines": [1281, 1282, 1283, 1284, 1286], "excluded_lines": [], "start_line": 1280}, "cli_add_instructor": {"executed_lines": [], "summary": {"covered_lines": 0, "num_statements": 5, "percent_covered": 0.0, "percent_covered_display": "0", "missing_lines": 5, "excluded_lines": 0, "percent_statements_covered": 0.0, "percent_statements_covered_display": "0"}, "missing_lines": [1290, 1291, 1292, 1293, 1294], "excluded_lines": [], "start_line": 1289}, "cli_remove_instructor": {"executed_lines": [], "summary": {"covered_lines": 0, "num_statements": 5, "percent_covered": 0.0, "percent_covered_display": "0", "missing_lines": 5, "excluded_lines": 0, "percent_statements_covered": 0.0, "percent_statements_covered_display": "0"}, "missing_lines": [1298, 1299, 1300, 1301, 1303], "excluded_lines": [], "start_line": 1297}, "cli_create_section": {"executed_lines": [], "summary": {"covered_lines": 0, "num_statements": 17, "percent_covered": 0.0, "percent_covered_display": "0", "missing_lines": 17, "excluded_lines": 0, "percent_statements_covered": 0.0, "percent_statements_covered_display": "0"}, "missing_lines": [1307, 1308, 1309, 1310, 1311, 1312, 1313, 1314, 1316, 1317, 1318, 1319, 1320, 1321, 1322, 1324, 1332], "excluded_lines": [], "start_line": 1306}, "cli_remove_section": {"executed_lines": [], "summary": {"covered_lines": 0, "num_statements": 3, "percent_covered": 0.0, "percent_covered_display": "0", "missing_lines": 3, "excluded_lines": 0, "percent_statements_covered": 0.0, "percent_statements_covered_display": "0"}, "missing_lines": [1336, 1337, 1338], "excluded_lines": [], "start_line": 1335}, "cli_register_student": {"executed_lines": [], "summary": {"covered_lines": 0, "num_statements": 4, "percent_covered": 0.0, "percent_covered_display": "0", "missing_lines": 4, "excluded_lines": 0, "percent_statements_covered": 0.0, "percent_statements_covered_display": "0"}, "missing_lines": [1342, 1343, 1344, 1345], "excluded_lines": [], "start_line": 1341}, "cli_drop_student": {"executed_lines": [], "summary": {"covered_lines": 0, "num_statements": 4, "percent_covered": 0.0, "percent_covered_display": "0", "missing_lines": 4, "excluded_lines": 0, "percent_statements_covered": 0.0, "percent_statements_covered_display": "0"}, "missing_lines": [1349, 1350, 1351, 1352], "excluded_lines": [], "start_line": 1348}, "cli_record_completed_course": {"executed_lines": [], "summary": {"covered_lines": 0, "num_statements": 4, "percent_covered": 0.0, "percent_covered_display": "0", "missing_lines": 4, "excluded_lines": 0, "percent_statements_covered": 0.0, "percent_statements_covered_display": "0"}, "missing_lines": [1356, 1357, 1358, 1359], "excluded_lines": [], "start_line": 1355}, "cli_search_courses": {"executed_lines": [], "summary": {"covered_lines": 0, "num_statements": 9, "percent_covered": 0.0, "percent_covered_display": "0", "missing_lines": 9, "excluded_lines": 0, "percent_statements_covered": 0.0, "percent_statements_covered_display": "0"}, "missing_lines": [1363, 1364, 1365, 1366, 1367, 1368, 1369, 1370, 1371], "excluded_lines": [], "start_line": 1362}, "cli_student_schedule_report": {"executed_lines": [], "summary": {"covered_lines": 0, "num_statements": 2, "percent_covered": 0.0, "percent_covered_display": "0", "missing_lines": 2, "excluded_lines": 0, "percent_statements_covered": 0.0, "percent_statements_covered_display": "0"}, "missing_lines": [1375, 1376], "excluded_lines": [], "start_line": 1374}, "cli_course_roster_report": {"executed_lines": [], "summary": {"covered_lines": 0, "num_statements": 2, "percent_covered": 0.0, "percent_covered_display": "0", "missing_lines": 2, "excluded_lines": 0, "percent_statements_covered": 0.0, "percent_statements_covered_display": "0"}, "missing_lines": [1380, 1381], "excluded_lines": [], "start_line": 1379}, "cli_save": {"executed_lines": [], "summary": {"covered_lines": 0, "num_statements": 3, "percent_covered": 0.0, "percent_covered_display": "0", "missing_lines": 3, "excluded_lines": 0, "percent_statements_covered": 0.0, "percent_statements_covered_display": "0"}, "missing_lines": [1385, 1386, 1387], "excluded_lines": [], "start_line": 1384}, "cli_load": {"executed_lines": [], "summary": {"covered_lines": 0, "num_statements": 4, "percent_covered": 0.0, "percent_covered_display": "0", "missing_lines": 4, "excluded_lines": 0, "percent_statements_covered": 0.0, "percent_statements_covered_display": "0"}, "missing_lines": [1391, 1392, 1393, 1394], "excluded_lines": [], "start_line": 1390}, "run_cli": {"executed_lines": [], "summary": {"covered_lines": 0, "num_statements": 61, "percent_covered": 0.0, "percent_covered_display": "0", "missing_lines": 61, "excluded_lines": 0, "percent_statements_covered": 0.0, "percent_statements_covered_display": "0"}, "missing_lines": [1398, 1399, 1400, 1402, 1403, 1404, 1405, 1406, 1407, 1408, 1409, 1410, 1411, 1412, 1413, 1414, 1415, 1416, 1417, 1418, 1419, 1420, 1421, 1422, 1423, 1424, 1425, 1426, 1427, 1428, 1429, 1430, 1431, 1432, 1433, 1434, 1435, 1436, 1437, 1438, 1439, 1440, 1441, 1442, 1443, 1444, 1445, 1446, 1447, 1448, 1449, 1450, 1451, 1452, 1453, 1454, 1455, 1456, 1457, 1458, 1460], "excluded_lines": [], "start_line": 1397}, "": {"executed_lines": [1, 2, 27, 124, 125, 126, 127, 134, 137, 142, 157, 164, 192, 213, 226, 227, 229, 230, 231, 232, 233, 234, 236, 245, 249, 257, 267, 268, 279, 280, 282, 283, 284, 285, 286, 288, 297, 298, 308, 309, 311, 312, 313, 315, 322, 323, 331, 332, 334, 335, 336, 337, 338, 339, 340, 341, 342, 344, 348, 352, 365, 366, 380, 381, 383, 384, 385, 387, 394, 395, 407, 410, 421, 431, 449, 465, 477, 489, 501, 541, 562, 565, 568, 571, 582, 595, 608, 619, 637, 681, 707, 751, 803, 843, 871, 890, 900, 908, 924, 962, 1005, 1021, 1033, 1052, 1075, 1084, 1085, 1096, 1104, 1105, 1122, 1130, 1142, 1154, 1167, 1221, 1250, 1261, 1267, 1280, 1289, 1297, 1306, 1335, 1341, 1348, 1355, 1362, 1374, 1379, 1384, 1390, 1397, 1467], "summary": {"covered_lines": 134, "num_statements": 138, "percent_covered": 97.10144927536231, "percent_covered_display": "97", "missing_lines": 4, "excluded_lines": 0, "percent_statements_covered": 97.10144927536231, "percent_statements_covered_display": "97"}, "missing_lines": [1468, 1469, 1470, 1471], "excluded_lines": [], "start_line": 1}}, "classes": {"Student": {"executed_lines": [238, 239, 240, 241, 242, 243, 247, 258, 269], "summary": {"covered_lines": 9, "num_statements": 14, "percent_covered": 64.28571428571429, "percent_covered_display": "64", "missing_lines": 5, "excluded_lines": 0, "percent_statements_covered": 64.28571428571429, "percent_statements_covered_display": "64"}, "missing_lines": [251, 252, 253, 254, 255], "excluded_lines": [], "start_line": 227}, "Course": {"executed_lines": [289, 299], "summary": {"covered_lines": 2, "num_statements": 2, "percent_covered": 100.0, "percent_covered_display": "100", "missing_lines": 0, "excluded_lines": 0, "percent_statements_covered": 100.0, "percent_statements_covered_display": "100"}, "missing_lines": [], "excluded_lines": [], "start_line": 280}, "Instructor": {"executed_lines": [316, 324], "summary": {"covered_lines": 2, "num_statements": 2, "percent_covered": 100.0, "percent_covered_display": "100", "missing_lines": 0, "excluded_lines": 0, "percent_statements_covered": 100.0, "percent_statements_covered_display": "100"}, "missing_lines": [], "excluded_lines": [], "start_line": 309}, "Section": {"executed_lines": [350, 353, 367], "summary": {"covered_lines": 3, "num_statements": 4, "percent_covered": 75.0, "percent_covered_display": "75", "missing_lines": 1, "excluded_lines": 0, "percent_statements_covered": 75.0, "percent_statements_covered_display": "75"}, "missing_lines": [346], "excluded_lines": [], "start_line": 332}, "EnrollmentRecord": {"executed_lines": [388, 396], "summary": {"covered_lines": 2, "num_statements": 2, "percent_covered": 100.0, "percent_covered_display": "100", "missing_lines": 0, "excluded_lines": 0, "percent_statements_covered": 100.0, "percent_statements_covered_display": "100"}, "missing_lines": [], "excluded_lines": [], "start_line": 381}, "RegistrationSystem": {"executed_lines": [411, 412, 413, 414, 415, 422, 424, 425, 426, 428, 429, 450, 452, 454, 456, 457, 463, 478, 480, 482, 487, 510, 512, 514, 516, 518, 522, 523, 524, 528, 529, 538, 539, 572, 573, 575, 576, 577, 578, 579, 580, 583, 584, 585, 588, 589, 590, 593, 596, 597, 598, 601, 602, 604, 606, 609, 610, 611, 614, 615, 616, 617, 620, 621, 622, 625, 626, 627, 630, 635, 641, 643, 644, 645, 647, 649, 652, 654, 657, 658, 661, 662, 665, 666, 669, 670, 675, 682, 683, 686, 687, 689, 690, 691, 692, 693, 696, 698, 699, 700, 702, 705, 872, 873, 875, 877, 880, 883, 884, 1076, 1086, 1087, 1088, 1089, 1090, 1091, 1094, 1106, 1107, 1108, 1109, 1110, 1111, 1113, 1115], "summary": {"covered_lines": 125, "num_statements": 440, "percent_covered": 28.40909090909091, "percent_covered_display": "28", "missing_lines": 315, "excluded_lines": 0, "percent_statements_covered": 28.40909090909091, "percent_statements_covered_display": "28"}, "missing_lines": [423, 427, 432, 433, 434, 437, 438, 441, 442, 443, 444, 446, 447, 451, 453, 455, 466, 467, 470, 471, 472, 474, 475, 479, 481, 490, 491, 494, 495, 496, 498, 499, 511, 513, 515, 517, 519, 525, 526, 542, 543, 544, 547, 548, 550, 551, 552, 553, 555, 556, 563, 566, 569, 574, 586, 591, 599, 603, 605, 612, 623, 628, 631, 632, 633, 646, 648, 650, 653, 655, 659, 663, 667, 671, 684, 714, 715, 717, 718, 719, 720, 722, 723, 725, 726, 728, 729, 730, 731, 733, 734, 735, 736, 738, 742, 744, 745, 746, 747, 749, 756, 757, 758, 760, 762, 763, 766, 767, 768, 769, 772, 776, 778, 782, 783, 784, 785, 788, 790, 791, 792, 793, 794, 795, 796, 799, 801, 808, 809, 810, 812, 813, 814, 815, 816, 817, 819, 820, 821, 823, 824, 825, 827, 828, 829, 831, 832, 833, 835, 836, 837, 841, 848, 849, 850, 851, 853, 854, 855, 856, 858, 859, 860, 861, 862, 863, 865, 876, 878, 881, 891, 892, 893, 894, 895, 896, 897, 898, 901, 902, 903, 904, 905, 906, 909, 910, 911, 912, 913, 914, 915, 916, 917, 918, 925, 926, 927, 929, 930, 932, 933, 935, 936, 937, 938, 945, 946, 947, 948, 949, 950, 952, 953, 955, 956, 958, 960, 963, 964, 965, 967, 968, 970, 982, 983, 985, 986, 987, 988, 990, 992, 993, 994, 996, 997, 998, 999, 1001, 1003, 1006, 1007, 1008, 1009, 1010, 1011, 1012, 1017, 1018, 1019, 1022, 1023, 1024, 1025, 1026, 1027, 1028, 1029, 1030, 1031, 1034, 1035, 1036, 1037, 1038, 1039, 1040, 1044, 1045, 1046, 1047, 1048, 1049, 1050, 1053, 1054, 1055, 1056, 1057, 1058, 1060, 1069, 1097, 1098, 1099, 1100, 1101, 1102, 1112, 1114, 1116, 1123, 1124, 1125, 1126, 1127, 1128, 1131, 1132, 1133, 1134, 1135, 1136, 1137, 1143, 1144, 1145, 1146, 1147, 1148, 1155, 1156, 1157, 1158, 1159, 1160], "excluded_lines": [], "start_line": 407}, "": {"executed_lines": [1, 2, 27, 124, 125, 126, 127, 134, 137, 142, 147, 148, 149, 150, 151, 152, 154, 157, 159, 160, 161, 164, 169, 170, 171, 174, 175, 178, 179, 181, 183, 184, 186, 189, 192, 196, 197, 199, 200, 201, 202, 204, 205, 206, 207, 208, 210, 213, 226, 227, 229, 230, 231, 232, 233, 234, 236, 245, 249, 257, 267, 268, 279, 280, 282, 283, 284, 285, 286, 288, 297, 298, 308, 309, 311, 312, 313, 315, 322, 323, 331, 332, 334, 335, 336, 337, 338, 339, 340, 341, 342, 344, 348, 352, 365, 366, 380, 381, 383, 384, 385, 387, 394, 395, 407, 410, 421, 431, 449, 465, 477, 489, 501, 541, 562, 565, 568, 571, 582, 595, 608, 619, 637, 681, 707, 751, 803, 843, 871, 890, 900, 908, 924, 962, 1005, 1021, 1033, 1052, 1075, 1084, 1085, 1096, 1104, 1105, 1122, 1130, 1142, 1154, 1167, 1169, 1172, 1173, 1174, 1175, 1178, 1179, 1180, 1181, 1182, 1183, 1186, 1187, 1188, 1189, 1192, 1193, 1194, 1195, 1196, 1197, 1200, 1201, 1202, 1203, 1204, 1207, 1208, 1209, 1210, 1211, 1212, 1214, 1221, 1250, 1261, 1267, 1280, 1289, 1297, 1306, 1335, 1341, 1348, 1355, 1362, 1374, 1379, 1384, 1390, 1397, 1467], "summary": {"covered_lines": 201, "num_statements": 392, "percent_covered": 51.275510204081634, "percent_covered_display": "51", "missing_lines": 191, "excluded_lines": 0, "percent_statements_covered": 51.275510204081634, "percent_statements_covered_display": "51"}, "missing_lines": [139, 153, 172, 176, 180, 187, 209, 215, 216, 217, 218, 219, 1222, 1223, 1224, 1225, 1226, 1227, 1228, 1229, 1230, 1231, 1232, 1233, 1234, 1235, 1236, 1237, 1238, 1239, 1240, 1241, 1242, 1243, 1244, 1245, 1246, 1247, 1251, 1252, 1253, 1254, 1255, 1256, 1257, 1258, 1262, 1263, 1264, 1268, 1269, 1270, 1271, 1272, 1273, 1274, 1275, 1276, 1277, 1281, 1282, 1283, 1284, 1286, 1290, 1291, 1292, 1293, 1294, 1298, 1299, 1300, 1301, 1303, 1307, 1308, 1309, 1310, 1311, 1312, 1313, 1314, 1316, 1317, 1318, 1319, 1320, 1321, 1322, 1324, 1332, 1336, 1337, 1338, 1342, 1343, 1344, 1345, 1349, 1350, 1351, 1352, 1356, 1357, 1358, 1359, 1363, 1364, 1365, 1366, 1367, 1368, 1369, 1370, 1371, 1375, 1376, 1380, 1381, 1385, 1386, 1387, 1391, 1392, 1393, 1394, 1398, 1399, 1400, 1402, 1403, 1404, 1405, 1406, 1407, 1408, 1409, 1410, 1411, 1412, 1413, 1414, 1415, 1416, 1417, 1418, 1419, 1420, 1421, 1422, 1423, 1424, 1425, 1426, 1427, 1428, 1429, 1430, 1431, 1432, 1433, 1434, 1435, 1436, 1437, 1438, 1439, 1440, 1441, 1442, 1443, 1444, 1445, 1446, 1447, 1448, 1449, 1450, 1451, 1452, 1453, 1454, 1455, 1456, 1457, 1458, 1460, 1468, 1469, 1470, 1471], "excluded_lines": [], "start_line": 1}}}}, "totals": {"covered_lines": 344, "num_statements": 856, "percent_covered": 40.18691588785047, "percent_covered_display": "40", "missing_lines": 512, "excluded_lines": 0, "percent_statements_covered": 40.18691588785047, "percent_statements_covered_display": "40"}}