<?xml version="1.0" encoding="utf-8"?><testsuites name="pytest tests"><testsuite name="pytest" errors="0" failures="1" skipped="0" tests="11" time="3.418" timestamp="2026-04-02T18:49:14.542019-05:00" hostname="Hengbos-MBP"><properties>
[...]
</properties><testcase classname="test_results.fuzzing.hypothesis.scripts.test_course_management_hypothesis" name="test_normalize_text_is_idempotent" time="0.135" /><testcase classname="test_results.fuzzing.hypothesis.scripts.test_course_management_hypothesis" name="test_parse_time_string_round_trip" time="0.232" /><testcase classname="test_results.fuzzing.hypothesis.scripts.test_course_management_hypothesis" name="test_parse_meeting_time_valid_inputs" time="0.281" /><testcase classname="test_results.fuzzing.hypothesis.scripts.test_course_management_hypothesis" name="test_meeting_times_conflict_is_symmetric" time="0.579" /><testcase classname="test_results.fuzzing.hypothesis.scripts.test_course_management_hypothesis" name="test_waitlist_promotion_preserves_consistency" time="0.002" /><testcase classname="test_results.fuzzing.hypothesis.scripts.test_course_management_hypothesis" name="test_failed_prerequisite_registration_does_not_mutate_system" time="0.001" /><testcase classname="test_results.fuzzing.hypothesis.scripts.test_course_management_hypothesis" name="test_serialization_round_trip_preserves_system_state" time="0.117" /><testcase classname="test_results.fuzzing.hypothesis.scripts.test_course_management_hypothesis" name="test_save_load_round_trip_preserves_system_state" time="0.004" /><testcase classname="test_results.fuzzing.hypothesis.scripts.test_course_management_hypothesis" name="test_load_from_file_handles_valid_json_without_raising" time="0.050"><failure message="AssertionError: load_from_file raised AttributeError: 'NoneType' object has no attribute 'get' for payload None&#10;Falsifying example: test_load_from_file_handles_valid_json_without_raising(&#10;    payload=None,&#10;)">payload = None

    @settings(max_examples=160, deadline=None)
    @given(payload=json_value_strategy)
    def test_load_from_file_handles_valid_json_without_raising(payload: object) -&gt; None:
        with tempfile.TemporaryDirectory() as temp_dir:
            path = Path(temp_dir) / "arbitrary.json"
            path.write_text(json.dumps(payload), encoding="utf-8")
            try:
&gt;               system, message = RegistrationSystem.load_from_file(str(path))
                                  ^^^^^^^^^^^^^^^^^^^^^^^^^^^^^^^^^^^^^^^^^^^^

test_results/fuzzing/hypothesis/scripts/test_course_management_hypothesis.py:258: 
_ _ _ _ _ _ _ _ _ _ _ _ _ _ _ _ _ _ _ _ _ _ _ _ _ _ _ _ _ _ _ _ _ _ _ _ _ _ _ _ 
course_management_system.py:1109: in load_from_file
    system = RegistrationSystem.from_dict(data)
             ^^^^^^^^^^^^^^^^^^^^^^^^^^^^^^^^^^
_ _ _ _ _ _ _ _ _ _ _ _ _ _ _ _ _ _ _ _ _ _ _ _ _ _ _ _ _ _ _ _ _ _ _ _ _ _ _ _ 

data = None

    @staticmethod
    def from_dict(data: Dict[str, Any]) -&gt; "RegistrationSystem":
        system = RegistrationSystem()
&gt;       system.students = {k: Student.from_dict(v) for k, v in data.get("students", {}).items()}
                                                               ^^^^^^^^
E       AttributeError: 'NoneType' object has no attribute 'get'

course_management_system.py:1087: AttributeError

The above exception was the direct cause of the following exception:

    @settings(max_examples=160, deadline=None)
&gt;   @given(payload=json_value_strategy)
                   ^^^

test_results/fuzzing/hypothesis/scripts/test_course_management_hypothesis.py:252: 
_ _ _ _ _ _ _ _ _ _ _ _ _ _ _ _ _ _ _ _ _ _ _ _ _ _ _ _ _ _ _ _ _ _ _ _ _ _ _ _ 

payload = None

    @settings(max_examples=160, deadline=None)
    @given(payload=json_value_strategy)
    def test_load_from_file_handles_valid_json_without_raising(payload: object) -&gt; None:
        with tempfile.TemporaryDirectory() as temp_dir:
            path = Path(temp_dir) / "arbitrary.json"
            path.write_text(json.dumps(payload), encoding="utf-8")
            try:
                system, message = RegistrationSystem.load_from_file(str(path))
            except Exception as exc:  # pragma: no cover - this is the bug signal
&gt;               raise AssertionError(
                    f"load_from_file raised {type(exc).__name__}: {exc} for payload {payload!r}"
                ) from exc
E               AssertionError: load_from_file raised AttributeError: 'NoneType' object has no attribute 'get' for payload None
E               Falsifying example: test_load_from_file_handles_valid_json_without_raising(
E                   payload=None,
E               )

test_results/fuzzing/hypothesis/scripts/test_course_management_hypothesis.py:260: AssertionError</failure></testcase><testcase classname="test_results.fuzzing.hypothesis.scripts.test_course_management_hypothesis" name="test_dynamic_operation_sequences_preserve_core_invariants" time="0.104" /><testcase classname="test_results.fuzzing.hypothesis.scripts.test_course_management_hypothesis.TestRegistrationSystemStateMachine" name="runTest" time="1.840" /></testsuite></testsuites>